<?xml version="1.0" encoding="UTF-8"?>
<!-- Generated by org.testng.reporters.JUnitXMLReporter -->
<testsuite ignored="0" hostname="Vikram-PC" failures="4" tests="4" name="Default test" time="168.217" errors="0" timestamp="2023-01-01T16:46:30 IST">
  <testcase classname="io.cucumber.testng.AbstractTestNGCucumberTests" name="runScenario" time="6.527">
    <failure type="java.lang.NullPointerException">
      <![CDATA[java.lang.NullPointerException
at qa.driverfactory.DriverFactory.init_driver(DriverFactory.java:43)
at Steps.AppHooks.launchapp(AppHooks.java:36)
]]>
    </failure>
  </testcase> <!-- runScenario -->
  <testcase classname="io.cucumber.testng.AbstractTestNGCucumberTests" name="runScenario" time="1.794">
    <failure type="java.lang.NullPointerException">
      <![CDATA[java.lang.NullPointerException
at qa.driverfactory.DriverFactory.init_driver(DriverFactory.java:43)
at Steps.AppHooks.launchapp(AppHooks.java:36)
]]>
    </failure>
  </testcase> <!-- runScenario -->
  <testcase classname="io.cucumber.testng.AbstractTestNGCucumberTests" name="runScenario" time="11.217">
    <failure type="java.lang.NullPointerException">
      <![CDATA[java.lang.NullPointerException
at qa.driverfactory.DriverFactory.init_driver(DriverFactory.java:43)
at Steps.AppHooks.launchapp(AppHooks.java:36)
]]>
    </failure>
  </testcase> <!-- runScenario -->
  <testcase classname="io.cucumber.testng.AbstractTestNGCucumberTests" name="runScenario" time="134.69">
    <failure type="org.openqa.selenium.SessionNotCreatedException" message="Could not start a new session. Response code 500. Message: unknown error: DevToolsActivePort file doesn&amp;apos;t exist
Build info: version: &amp;apos;3.141.59&amp;apos;, revision: &amp;apos;e82be7d358&amp;apos;, time: &amp;apos;2018-11-14T08:25:53&amp;apos;
System info: host: &amp;apos;c50da356255d&amp;apos;, ip: &amp;apos;172.17.0.2&amp;apos;, os.name: &amp;apos;Linux&amp;apos;, os.arch: &amp;apos;amd64&amp;apos;, os.version: &amp;apos;4.14.296-222.539.amzn2.x86_64&amp;apos;, java.version: &amp;apos;1.8.0_292&amp;apos;
Driver info: driver.version: unknown
remote stacktrace: #0 0x55bf99db78f3 &amp;lt;unknown&amp;gt;
#1 0x55bf9989cba8 &amp;lt;unknown&amp;gt;
#2 0x55bf998c2a72 &amp;lt;unknown&amp;gt;
#3 0x55bf998bf036 &amp;lt;unknown&amp;gt;
#4 0x55bf998bb9ef &amp;lt;unknown&amp;gt;
#5 0x55bf998f5995 &amp;lt;unknown&amp;gt;
#6 0x55bf998efd63 &amp;lt;unknown&amp;gt;
#7 0x55bf998c6144 &amp;lt;unknown&amp;gt;
#8 0x55bf998c7135 &amp;lt;unknown&amp;gt;
#9 0x55bf99de6c3e &amp;lt;unknown&amp;gt;
#10 0x55bf99dfc6b7 &amp;lt;unknown&amp;gt;
#11 0x55bf99de7b95 &amp;lt;unknown&amp;gt;
#12 0x55bf99dfdb05 &amp;lt;unknown&amp;gt;
#13 0x55bf99ddc2ab &amp;lt;unknown&amp;gt;
#14 0x55bf99e18248 &amp;lt;unknown&amp;gt;
#15 0x55bf99e183c8 &amp;lt;unknown&amp;gt;
#16 0x55bf99e3333d &amp;lt;unknown&amp;gt;
#17 0x7fc99a912609 start_thread

Build info: version: &amp;apos;4.4.0&amp;apos;, revision: &amp;apos;e5c75ed026a&amp;apos;
System info: host: &amp;apos;VIKRAM-PC&amp;apos;, ip: &amp;apos;192.168.225.195&amp;apos;, os.name: &amp;apos;Windows 10&amp;apos;, os.arch: &amp;apos;amd64&amp;apos;, os.version: &amp;apos;10.0&amp;apos;, java.version: &amp;apos;11.0.17&amp;apos;
Driver info: org.openqa.selenium.remote.RemoteWebDriver
Command: [null, newSession {capabilities=[Capabilities {browserName: chrome, goog:chromeOptions: {args: [], extensions: []}}], desiredCapabilities=Capabilities {browserName: chrome, goog:chromeOptions: {args: [], extensions: []}}}]
Capabilities {}">
      <![CDATA[org.openqa.selenium.SessionNotCreatedException: Could not start a new session. Response code 500. Message: unknown error: DevToolsActivePort file doesn't exist
Build info: version: '3.141.59', revision: 'e82be7d358', time: '2018-11-14T08:25:53'
System info: host: 'c50da356255d', ip: '172.17.0.2', os.name: 'Linux', os.arch: 'amd64', os.version: '4.14.296-222.539.amzn2.x86_64', java.version: '1.8.0_292'
Driver info: driver.version: unknown
remote stacktrace: #0 0x55bf99db78f3 <unknown>
#1 0x55bf9989cba8 <unknown>
#2 0x55bf998c2a72 <unknown>
#3 0x55bf998bf036 <unknown>
#4 0x55bf998bb9ef <unknown>
#5 0x55bf998f5995 <unknown>
#6 0x55bf998efd63 <unknown>
#7 0x55bf998c6144 <unknown>
#8 0x55bf998c7135 <unknown>
#9 0x55bf99de6c3e <unknown>
#10 0x55bf99dfc6b7 <unknown>
#11 0x55bf99de7b95 <unknown>
#12 0x55bf99dfdb05 <unknown>
#13 0x55bf99ddc2ab <unknown>
#14 0x55bf99e18248 <unknown>
#15 0x55bf99e183c8 <unknown>
#16 0x55bf99e3333d <unknown>
#17 0x7fc99a912609 start_thread

Build info: version: '4.4.0', revision: 'e5c75ed026a'
System info: host: 'VIKRAM-PC', ip: '192.168.225.195', os.name: 'Windows 10', os.arch: 'amd64', os.version: '10.0', java.version: '11.0.17'
Driver info: org.openqa.selenium.remote.RemoteWebDriver
Command: [null, newSession {capabilities=[Capabilities {browserName: chrome, goog:chromeOptions: {args: [], extensions: []}}], desiredCapabilities=Capabilities {browserName: chrome, goog:chromeOptions: {args: [], extensions: []}}}]
Capabilities {}
at org.openqa.selenium.remote.ProtocolHandshake.createSession(ProtocolHandshake.java:144)
at org.openqa.selenium.remote.ProtocolHandshake.createSession(ProtocolHandshake.java:102)
at org.openqa.selenium.remote.ProtocolHandshake.createSession(ProtocolHandshake.java:67)
at org.openqa.selenium.remote.HttpCommandExecutor.execute(HttpCommandExecutor.java:156)
at org.openqa.selenium.remote.TracedCommandExecutor.execute(TracedCommandExecutor.java:51)
at org.openqa.selenium.remote.RemoteWebDriver.execute(RemoteWebDriver.java:547)
at org.openqa.selenium.remote.RemoteWebDriver.startSession(RemoteWebDriver.java:242)
at org.openqa.selenium.remote.RemoteWebDriver.<init>(RemoteWebDriver.java:157)
at org.openqa.selenium.remote.RemoteWebDriver.<init>(RemoteWebDriver.java:139)
at qa.driverfactory.DriverFactory.init_driver(DriverFactory.java:30)
at Steps.AppHooks.launchapp(AppHooks.java:36)
]]>
    </failure>
  </testcase> <!-- runScenario -->
</testsuite> <!-- Default test -->
