<?xml version="1.0" encoding="UTF-8"?>
<!-- Generated by org.testng.reporters.JUnitReportReporter -->
<testsuite hostname="Vikram-PC" failures="0" tests="4" name="Runners.RunIT" time="154.228" errors="4" timestamp="2023-01-01T16:46:31 IST" skipped="0">
  <testcase classname="Runners.RunIT" name="runScenario" time="6.527">
    <error type="java.lang.NullPointerException">
      <![CDATA[java.lang.NullPointerException
at qa.driverfactory.DriverFactory.init_driver(DriverFactory.java:43)
at Steps.AppHooks.launchapp(AppHooks.java:36)
]]>
    </error>
  </testcase> <!-- runScenario -->
  <system-out/>
  <testcase classname="Runners.RunIT" name="runScenario" time="11.217">
    <error type="java.lang.NullPointerException">
      <![CDATA[java.lang.NullPointerException
at qa.driverfactory.DriverFactory.init_driver(DriverFactory.java:43)
at Steps.AppHooks.launchapp(AppHooks.java:36)
]]>
    </error>
  </testcase> <!-- runScenario -->
  <system-out/>
  <testcase classname="Runners.RunIT" name="runScenario" time="134.690">
    <error message="Could not start a new session. Response code 500. Message: unknown error: DevToolsActivePort file doesn&#039;t exist
Build info: version: &#039;3.141.59&#039;, revision: &#039;e82be7d358&#039;, time: &#039;2018-11-14T08:25:53&#039;
System info: host: &#039;c50da356255d&#039;, ip: &#039;172.17.0.2&#039;, os.name: &#039;Linux&#039;, os.arch: &#039;amd64&#039;, os.version: &#039;4.14.296-222.539.amzn2.x86_64&#039;, java.version: &#039;1.8.0_292&#039;
Driver info: driver.version: unknown
remote stacktrace: #0 0x55bf99db78f3 &lt;unknown&gt;
#1 0x55bf9989cba8 &lt;unknown&gt;
#2 0x55bf998c2a72 &lt;unknown&gt;
#3 0x55bf998bf036 &lt;unknown&gt;
#4 0x55bf998bb9ef &lt;unknown&gt;
#5 0x55bf998f5995 &lt;unknown&gt;
#6 0x55bf998efd63 &lt;unknown&gt;
#7 0x55bf998c6144 &lt;unknown&gt;
#8 0x55bf998c7135 &lt;unknown&gt;
#9 0x55bf99de6c3e &lt;unknown&gt;
#10 0x55bf99dfc6b7 &lt;unknown&gt;
#11 0x55bf99de7b95 &lt;unknown&gt;
#12 0x55bf99dfdb05 &lt;unknown&gt;
#13 0x55bf99ddc2ab &lt;unknown&gt;
#14 0x55bf99e18248 &lt;unknown&gt;
#15 0x55bf99e183c8 &lt;unknown&gt;
#16 0x55bf99e3333d &lt;unknown&gt;
#17 0x7fc99a912609 start_thread

Build info: version: &#039;4.4.0&#039;, revision: &#039;e5c75ed026a&#039;
System info: host: &#039;VIKRAM-PC&#039;, ip: &#039;192.168.225.195&#039;, os.name: &#039;Windows 10&#039;, os.arch: &#039;amd64&#039;, os.version: &#039;10.0&#039;, java.version: &#039;11.0.17&#039;
Driver info: org.openqa.selenium.remote.RemoteWebDriver
Command: [null, newSession {capabilities=[Capabilities {browserName: chrome, goog:chromeOptions: {args: [], extensions: []}}], desiredCapabilities=Capabilities {browserName: chrome, goog:chromeOptions: {args: [], extensions: []}}}]
Capabilities {}" type="org.openqa.selenium.SessionNotCreatedException">
      <![CDATA[org.openqa.selenium.SessionNotCreatedException: Could not start a new session. Response code 500. Message: unknown error: DevToolsActivePort file doesn't exist
Build info: version: '3.141.59', revision: 'e82be7d358', time: '2018-11-14T08:25:53'
System info: host: 'c50da356255d', ip: '172.17.0.2', os.name: 'Linux', os.arch: 'amd64', os.version: '4.14.296-222.539.amzn2.x86_64', java.version: '1.8.0_292'
Driver info: driver.version: unknown
remote stacktrace: #0 0x55bf99db78f3 <unknown>
#1 0x55bf9989cba8 <unknown>
#2 0x55bf998c2a72 <unknown>
#3 0x55bf998bf036 <unknown>
#4 0x55bf998bb9ef <unknown>
#5 0x55bf998f5995 <unknown>
#6 0x55bf998efd63 <unknown>
#7 0x55bf998c6144 <unknown>
#8 0x55bf998c7135 <unknown>
#9 0x55bf99de6c3e <unknown>
#10 0x55bf99dfc6b7 <unknown>
#11 0x55bf99de7b95 <unknown>
#12 0x55bf99dfdb05 <unknown>
#13 0x55bf99ddc2ab <unknown>
#14 0x55bf99e18248 <unknown>
#15 0x55bf99e183c8 <unknown>
#16 0x55bf99e3333d <unknown>
#17 0x7fc99a912609 start_thread

Build info: version: '4.4.0', revision: 'e5c75ed026a'
System info: host: 'VIKRAM-PC', ip: '192.168.225.195', os.name: 'Windows 10', os.arch: 'amd64', os.version: '10.0', java.version: '11.0.17'
Driver info: org.openqa.selenium.remote.RemoteWebDriver
Command: [null, newSession {capabilities=[Capabilities {browserName: chrome, goog:chromeOptions: {args: [], extensions: []}}], desiredCapabilities=Capabilities {browserName: chrome, goog:chromeOptions: {args: [], extensions: []}}}]
Capabilities {}
at org.openqa.selenium.remote.ProtocolHandshake.createSession(ProtocolHandshake.java:144)
at org.openqa.selenium.remote.ProtocolHandshake.createSession(ProtocolHandshake.java:102)
at org.openqa.selenium.remote.ProtocolHandshake.createSession(ProtocolHandshake.java:67)
at org.openqa.selenium.remote.HttpCommandExecutor.execute(HttpCommandExecutor.java:156)
at org.openqa.selenium.remote.TracedCommandExecutor.execute(TracedCommandExecutor.java:51)
at org.openqa.selenium.remote.RemoteWebDriver.execute(RemoteWebDriver.java:547)
at org.openqa.selenium.remote.RemoteWebDriver.startSession(RemoteWebDriver.java:242)
at org.openqa.selenium.remote.RemoteWebDriver.<init>(RemoteWebDriver.java:157)
at org.openqa.selenium.remote.RemoteWebDriver.<init>(RemoteWebDriver.java:139)
at qa.driverfactory.DriverFactory.init_driver(DriverFactory.java:30)
at Steps.AppHooks.launchapp(AppHooks.java:36)
]]>
    </error>
  </testcase> <!-- runScenario -->
  <system-out/>
  <testcase classname="Runners.RunIT" name="runScenario" time="1.794">
    <error type="java.lang.NullPointerException">
      <![CDATA[java.lang.NullPointerException
at qa.driverfactory.DriverFactory.init_driver(DriverFactory.java:43)
at Steps.AppHooks.launchapp(AppHooks.java:36)
]]>
    </error>
  </testcase> <!-- runScenario -->
  <system-out/>
</testsuite> <!-- Runners.RunIT -->
